Performing C SOURCE FILE Test CMAKE_HAVE_LIBC_PTHREAD failed with the following output:
Change Dir: /home/bobododo/GNC/MSF/shenlan-MSF/chapter8/catkin_ws2/build/catkin_tools_prebuild/CMakeFiles/CMakeTmp

Run Build Command(s):/usr/bin/make -f Makefile cmTC_bc9c2/fast && /usr/bin/make  -f CMakeFiles/cmTC_bc9c2.dir/build.make CMakeFiles/cmTC_bc9c2.dir/build
make[1]: 进入目录“/home/bobododo/GNC/MSF/shenlan-MSF/chapter8/catkin_ws2/build/catkin_tools_prebuild/CMakeFiles/CMakeTmp”
Building C object CMakeFiles/cmTC_bc9c2.dir/src.c.o
/usr/bin/cc -DCMAKE_HAVE_LIBC_PTHREAD   -o CMakeFiles/cmTC_bc9c2.dir/src.c.o -c /home/bobododo/GNC/MSF/shenlan-MSF/chapter8/catkin_ws2/build/catkin_tools_prebuild/CMakeFiles/CMakeTmp/src.c
Linking C executable cmTC_bc9c2
/usr/local/bin/cmake -E cmake_link_script CMakeFiles/cmTC_bc9c2.dir/link.txt --verbose=1
/usr/bin/cc -rdynamic CMakeFiles/cmTC_bc9c2.dir/src.c.o -o cmTC_bc9c2 
CMakeFiles/cmTC_bc9c2.dir/src.c.o：在函数‘main’中：
src.c:(.text+0x3e)：对‘pthread_create’未定义的引用
src.c:(.text+0x4a)：对‘pthread_detach’未定义的引用
src.c:(.text+0x56)：对‘pthread_cancel’未定义的引用
src.c:(.text+0x67)：对‘pthread_join’未定义的引用
src.c:(.text+0x7b)：对‘pthread_atfork’未定义的引用
collect2: error: ld returned 1 exit status
CMakeFiles/cmTC_bc9c2.dir/build.make:98: recipe for target 'cmTC_bc9c2' failed
make[1]: *** [cmTC_bc9c2] Error 1
make[1]: 离开目录“/home/bobododo/GNC/MSF/shenlan-MSF/chapter8/catkin_ws2/build/catkin_tools_prebuild/CMakeFiles/CMakeTmp”
Makefile:127: recipe for target 'cmTC_bc9c2/fast' failed
make: *** [cmTC_bc9c2/fast] Error 2


Source file was:
#include <pthread.h>

static void* test_func(void* data)
{
  return data;
}

int main(void)
{
  pthread_t thread;
  pthread_create(&thread, NULL, test_func, NULL);
  pthread_detach(thread);
  pthread_cancel(thread);
  pthread_join(thread, NULL);
  pthread_atfork(NULL, NULL, NULL);
  pthread_exit(NULL);

  return 0;
}

Determining if the function pthread_create exists in the pthreads failed with the following output:
Change Dir: /home/bobododo/GNC/MSF/shenlan-MSF/chapter8/catkin_ws2/build/catkin_tools_prebuild/CMakeFiles/CMakeTmp

Run Build Command(s):/usr/bin/make -f Makefile cmTC_80b2c/fast && /usr/bin/make  -f CMakeFiles/cmTC_80b2c.dir/build.make CMakeFiles/cmTC_80b2c.dir/build
make[1]: 进入目录“/home/bobododo/GNC/MSF/shenlan-MSF/chapter8/catkin_ws2/build/catkin_tools_prebuild/CMakeFiles/CMakeTmp”
Building C object CMakeFiles/cmTC_80b2c.dir/CheckFunctionExists.c.o
/usr/bin/cc   -DCHECK_FUNCTION_EXISTS=pthread_create -o CMakeFiles/cmTC_80b2c.dir/CheckFunctionExists.c.o -c /usr/local/share/cmake-3.20/Modules/CheckFunctionExists.c
Linking C executable cmTC_80b2c
/usr/local/bin/cmake -E cmake_link_script CMakeFiles/cmTC_80b2c.dir/link.txt --verbose=1
/usr/bin/cc  -DCHECK_FUNCTION_EXISTS=pthread_create -rdynamic CMakeFiles/cmTC_80b2c.dir/CheckFunctionExists.c.o -o cmTC_80b2c  -lpthreads 
/usr/bin/ld: 找不到 -lpthreads
collect2: error: ld returned 1 exit status
CMakeFiles/cmTC_80b2c.dir/build.make:98: recipe for target 'cmTC_80b2c' failed
make[1]: *** [cmTC_80b2c] Error 1
make[1]: 离开目录“/home/bobododo/GNC/MSF/shenlan-MSF/chapter8/catkin_ws2/build/catkin_tools_prebuild/CMakeFiles/CMakeTmp”
Makefile:127: recipe for target 'cmTC_80b2c/fast' failed
make: *** [cmTC_80b2c/fast] Error 2



