Symlinking /home/bobododo/GNC/MSF/shenlan-MSF/chapter8/catkin_ws2/devel/lib/pkgconfig/lidar_localization.pc
Symlinking /home/bobododo/GNC/MSF/shenlan-MSF/chapter8/catkin_ws2/devel/lib/lidar_localization/gnss_ins_sim_preprocess_node
Symlinking /home/bobododo/GNC/MSF/shenlan-MSF/chapter8/catkin_ws2/devel/lib/lidar_localization/back_end_node
Symlinking /home/bobododo/GNC/MSF/shenlan-MSF/chapter8/catkin_ws2/devel/lib/lidar_localization/test_frame_node
Symlinking /home/bobododo/GNC/MSF/shenlan-MSF/chapter8/catkin_ws2/devel/lib/lidar_localization/front_end_node
Symlinking /home/bobododo/GNC/MSF/shenlan-MSF/chapter8/catkin_ws2/devel/lib/lidar_localization/loop_closing_node
Symlinking /home/bobododo/GNC/MSF/shenlan-MSF/chapter8/catkin_ws2/devel/lib/lidar_localization/data_pretreat_node
Symlinking /home/bobododo/GNC/MSF/shenlan-MSF/chapter8/catkin_ws2/devel/lib/lidar_localization/gnss_ins_sim_filtering_node
Symlinking /home/bobododo/GNC/MSF/shenlan-MSF/chapter8/catkin_ws2/devel/lib/lidar_localization/viewer_node
Symlinking /home/bobododo/GNC/MSF/shenlan-MSF/chapter8/catkin_ws2/devel/lib/lidar_localization/lidar_preprocess_node
Symlinking /home/bobododo/GNC/MSF/shenlan-MSF/chapter8/catkin_ws2/devel/lib/lidar_localization/eskf_preprocess_node
Symlinking /home/bobododo/GNC/MSF/shenlan-MSF/chapter8/catkin_ws2/devel/lib/lidar_localization/kitti_filtering_node
Symlinking /home/bobododo/GNC/MSF/shenlan-MSF/chapter8/catkin_ws2/devel/lib/python2.7/dist-packages/lidar_localization/__init__.py
Symlinking /home/bobododo/GNC/MSF/shenlan-MSF/chapter8/catkin_ws2/devel/lib/python2.7/dist-packages/lidar_localization/msg/_ESKFStd.py
Symlinking /home/bobododo/GNC/MSF/shenlan-MSF/chapter8/catkin_ws2/devel/lib/python2.7/dist-packages/lidar_localization/msg/_PosVel.py
Symlinking /home/bobododo/GNC/MSF/shenlan-MSF/chapter8/catkin_ws2/devel/lib/python2.7/dist-packages/lidar_localization/msg/_PosVelMag.py
Symlinking /home/bobododo/GNC/MSF/shenlan-MSF/chapter8/catkin_ws2/devel/lib/python2.7/dist-packages/lidar_localization/msg/_LidarMeasurement.py
Symlinking /home/bobododo/GNC/MSF/shenlan-MSF/chapter8/catkin_ws2/devel/lib/python2.7/dist-packages/lidar_localization/msg/__init__.py
Symlinking /home/bobododo/GNC/MSF/shenlan-MSF/chapter8/catkin_ws2/devel/lib/python2.7/dist-packages/lidar_localization/msg/_IMUGNSSMeasurement.py
Symlinking /home/bobododo/GNC/MSF/shenlan-MSF/chapter8/catkin_ws2/devel/lib/python2.7/dist-packages/lidar_localization/msg/_EKFStd.py
Symlinking /home/bobododo/GNC/MSF/shenlan-MSF/chapter8/catkin_ws2/devel/lib/python2.7/dist-packages/lidar_localization/srv/_saveScanContext.py
Symlinking /home/bobododo/GNC/MSF/shenlan-MSF/chapter8/catkin_ws2/devel/lib/python2.7/dist-packages/lidar_localization/srv/__init__.py
Symlinking /home/bobododo/GNC/MSF/shenlan-MSF/chapter8/catkin_ws2/devel/lib/python2.7/dist-packages/lidar_localization/srv/_saveOdometry.py
Symlinking /home/bobododo/GNC/MSF/shenlan-MSF/chapter8/catkin_ws2/devel/lib/python2.7/dist-packages/lidar_localization/srv/_optimizeMap.py
Symlinking /home/bobododo/GNC/MSF/shenlan-MSF/chapter8/catkin_ws2/devel/lib/python2.7/dist-packages/lidar_localization/srv/_saveMap.py
Symlinking /home/bobododo/GNC/MSF/shenlan-MSF/chapter8/catkin_ws2/devel/share/roseus/ros/lidar_localization/manifest.l
Symlinking /home/bobododo/GNC/MSF/shenlan-MSF/chapter8/catkin_ws2/devel/share/roseus/ros/lidar_localization/msg/PosVelMag.l
Symlinking /home/bobododo/GNC/MSF/shenlan-MSF/chapter8/catkin_ws2/devel/share/roseus/ros/lidar_localization/msg/PosVel.l
Symlinking /home/bobododo/GNC/MSF/shenlan-MSF/chapter8/catkin_ws2/devel/share/roseus/ros/lidar_localization/msg/LidarMeasurement.l
Symlinking /home/bobododo/GNC/MSF/shenlan-MSF/chapter8/catkin_ws2/devel/share/roseus/ros/lidar_localization/msg/IMUGNSSMeasurement.l
Symlinking /home/bobododo/GNC/MSF/shenlan-MSF/chapter8/catkin_ws2/devel/share/roseus/ros/lidar_localization/msg/ESKFStd.l
Symlinking /home/bobododo/GNC/MSF/shenlan-MSF/chapter8/catkin_ws2/devel/share/roseus/ros/lidar_localization/msg/EKFStd.l
Symlinking /home/bobododo/GNC/MSF/shenlan-MSF/chapter8/catkin_ws2/devel/share/roseus/ros/lidar_localization/srv/saveScanContext.l
Symlinking /home/bobododo/GNC/MSF/shenlan-MSF/chapter8/catkin_ws2/devel/share/roseus/ros/lidar_localization/srv/optimizeMap.l
Symlinking /home/bobododo/GNC/MSF/shenlan-MSF/chapter8/catkin_ws2/devel/share/roseus/ros/lidar_localization/srv/saveOdometry.l
Symlinking /home/bobododo/GNC/MSF/shenlan-MSF/chapter8/catkin_ws2/devel/share/roseus/ros/lidar_localization/srv/saveMap.l
Symlinking /home/bobododo/GNC/MSF/shenlan-MSF/chapter8/catkin_ws2/devel/share/common-lisp/ros/lidar_localization/msg/_package.lisp
Symlinking /home/bobododo/GNC/MSF/shenlan-MSF/chapter8/catkin_ws2/devel/share/common-lisp/ros/lidar_localization/msg/_package_IMUGNSSMeasurement.lisp
Symlinking /home/bobododo/GNC/MSF/shenlan-MSF/chapter8/catkin_ws2/devel/share/common-lisp/ros/lidar_localization/msg/LidarMeasurement.lisp
Symlinking /home/bobododo/GNC/MSF/shenlan-MSF/chapter8/catkin_ws2/devel/share/common-lisp/ros/lidar_localization/msg/_package_EKFStd.lisp
Symlinking /home/bobododo/GNC/MSF/shenlan-MSF/chapter8/catkin_ws2/devel/share/common-lisp/ros/lidar_localization/msg/_package_LidarMeasurement.lisp
Symlinking /home/bobododo/GNC/MSF/shenlan-MSF/chapter8/catkin_ws2/devel/share/common-lisp/ros/lidar_localization/msg/ESKFStd.lisp
Symlinking /home/bobododo/GNC/MSF/shenlan-MSF/chapter8/catkin_ws2/devel/share/common-lisp/ros/lidar_localization/msg/IMUGNSSMeasurement.lisp
Symlinking /home/bobododo/GNC/MSF/shenlan-MSF/chapter8/catkin_ws2/devel/share/common-lisp/ros/lidar_localization/msg/PosVelMag.lisp
Symlinking /home/bobododo/GNC/MSF/shenlan-MSF/chapter8/catkin_ws2/devel/share/common-lisp/ros/lidar_localization/msg/lidar_localization-msg.asd
Symlinking /home/bobododo/GNC/MSF/shenlan-MSF/chapter8/catkin_ws2/devel/share/common-lisp/ros/lidar_localization/msg/_package_PosVelMag.lisp
Symlinking /home/bobododo/GNC/MSF/shenlan-MSF/chapter8/catkin_ws2/devel/share/common-lisp/ros/lidar_localization/msg/PosVel.lisp
Symlinking /home/bobododo/GNC/MSF/shenlan-MSF/chapter8/catkin_ws2/devel/share/common-lisp/ros/lidar_localization/msg/_package_ESKFStd.lisp
Symlinking /home/bobododo/GNC/MSF/shenlan-MSF/chapter8/catkin_ws2/devel/share/common-lisp/ros/lidar_localization/msg/EKFStd.lisp
Symlinking /home/bobododo/GNC/MSF/shenlan-MSF/chapter8/catkin_ws2/devel/share/common-lisp/ros/lidar_localization/msg/_package_PosVel.lisp
Symlinking /home/bobododo/GNC/MSF/shenlan-MSF/chapter8/catkin_ws2/devel/share/common-lisp/ros/lidar_localization/srv/_package.lisp
Symlinking /home/bobododo/GNC/MSF/shenlan-MSF/chapter8/catkin_ws2/devel/share/common-lisp/ros/lidar_localization/srv/_package_saveScanContext.lisp
Symlinking /home/bobododo/GNC/MSF/shenlan-MSF/chapter8/catkin_ws2/devel/share/common-lisp/ros/lidar_localization/srv/saveScanContext.lisp
Symlinking /home/bobododo/GNC/MSF/shenlan-MSF/chapter8/catkin_ws2/devel/share/common-lisp/ros/lidar_localization/srv/_package_saveOdometry.lisp
Symlinking /home/bobododo/GNC/MSF/shenlan-MSF/chapter8/catkin_ws2/devel/share/common-lisp/ros/lidar_localization/srv/_package_saveMap.lisp
Symlinking /home/bobododo/GNC/MSF/shenlan-MSF/chapter8/catkin_ws2/devel/share/common-lisp/ros/lidar_localization/srv/optimizeMap.lisp
Symlinking /home/bobododo/GNC/MSF/shenlan-MSF/chapter8/catkin_ws2/devel/share/common-lisp/ros/lidar_localization/srv/saveOdometry.lisp
Symlinking /home/bobododo/GNC/MSF/shenlan-MSF/chapter8/catkin_ws2/devel/share/common-lisp/ros/lidar_localization/srv/_package_optimizeMap.lisp
Symlinking /home/bobododo/GNC/MSF/shenlan-MSF/chapter8/catkin_ws2/devel/share/common-lisp/ros/lidar_localization/srv/saveMap.lisp
Symlinking /home/bobododo/GNC/MSF/shenlan-MSF/chapter8/catkin_ws2/devel/share/common-lisp/ros/lidar_localization/srv/lidar_localization-srv.asd
Symlinking /home/bobododo/GNC/MSF/shenlan-MSF/chapter8/catkin_ws2/devel/share/lidar_localization/cmake/lidar_localizationConfig.cmake
Symlinking /home/bobododo/GNC/MSF/shenlan-MSF/chapter8/catkin_ws2/devel/share/lidar_localization/cmake/lidar_localization-msg-extras.cmake
Symlinking /home/bobododo/GNC/MSF/shenlan-MSF/chapter8/catkin_ws2/devel/share/lidar_localization/cmake/lidar_localizationConfig-version.cmake
Symlinking /home/bobododo/GNC/MSF/shenlan-MSF/chapter8/catkin_ws2/devel/share/lidar_localization/cmake/lidar_localization-msg-paths.cmake
Symlinking /home/bobododo/GNC/MSF/shenlan-MSF/chapter8/catkin_ws2/devel/share/gennodejs/ros/lidar_localization/_index.js
Symlinking /home/bobododo/GNC/MSF/shenlan-MSF/chapter8/catkin_ws2/devel/share/gennodejs/ros/lidar_localization/msg/EKFStd.js
Symlinking /home/bobododo/GNC/MSF/shenlan-MSF/chapter8/catkin_ws2/devel/share/gennodejs/ros/lidar_localization/msg/IMUGNSSMeasurement.js
Symlinking /home/bobododo/GNC/MSF/shenlan-MSF/chapter8/catkin_ws2/devel/share/gennodejs/ros/lidar_localization/msg/_index.js
Symlinking /home/bobododo/GNC/MSF/shenlan-MSF/chapter8/catkin_ws2/devel/share/gennodejs/ros/lidar_localization/msg/PosVel.js
Symlinking /home/bobododo/GNC/MSF/shenlan-MSF/chapter8/catkin_ws2/devel/share/gennodejs/ros/lidar_localization/msg/PosVelMag.js
Symlinking /home/bobododo/GNC/MSF/shenlan-MSF/chapter8/catkin_ws2/devel/share/gennodejs/ros/lidar_localization/msg/LidarMeasurement.js
Symlinking /home/bobododo/GNC/MSF/shenlan-MSF/chapter8/catkin_ws2/devel/share/gennodejs/ros/lidar_localization/msg/ESKFStd.js
Symlinking /home/bobododo/GNC/MSF/shenlan-MSF/chapter8/catkin_ws2/devel/share/gennodejs/ros/lidar_localization/srv/saveMap.js
Symlinking /home/bobododo/GNC/MSF/shenlan-MSF/chapter8/catkin_ws2/devel/share/gennodejs/ros/lidar_localization/srv/_index.js
Symlinking /home/bobododo/GNC/MSF/shenlan-MSF/chapter8/catkin_ws2/devel/share/gennodejs/ros/lidar_localization/srv/saveOdometry.js
Symlinking /home/bobododo/GNC/MSF/shenlan-MSF/chapter8/catkin_ws2/devel/share/gennodejs/ros/lidar_localization/srv/optimizeMap.js
Symlinking /home/bobododo/GNC/MSF/shenlan-MSF/chapter8/catkin_ws2/devel/share/gennodejs/ros/lidar_localization/srv/saveScanContext.js
Symlinking /home/bobododo/GNC/MSF/shenlan-MSF/chapter8/catkin_ws2/devel/include/lidar_localization/saveScanContextResponse.h
Symlinking /home/bobododo/GNC/MSF/shenlan-MSF/chapter8/catkin_ws2/devel/include/lidar_localization/PosVelMag.h
Symlinking /home/bobododo/GNC/MSF/shenlan-MSF/chapter8/catkin_ws2/devel/include/lidar_localization/saveMap.h
Symlinking /home/bobododo/GNC/MSF/shenlan-MSF/chapter8/catkin_ws2/devel/include/lidar_localization/saveScanContext.h
Symlinking /home/bobododo/GNC/MSF/shenlan-MSF/chapter8/catkin_ws2/devel/include/lidar_localization/ESKFStd.h
Symlinking /home/bobododo/GNC/MSF/shenlan-MSF/chapter8/catkin_ws2/devel/include/lidar_localization/LidarMeasurement.h
Symlinking /home/bobododo/GNC/MSF/shenlan-MSF/chapter8/catkin_ws2/devel/include/lidar_localization/saveMapResponse.h
Symlinking /home/bobododo/GNC/MSF/shenlan-MSF/chapter8/catkin_ws2/devel/include/lidar_localization/EKFStd.h
Symlinking /home/bobododo/GNC/MSF/shenlan-MSF/chapter8/catkin_ws2/devel/include/lidar_localization/saveOdometryResponse.h
Symlinking /home/bobododo/GNC/MSF/shenlan-MSF/chapter8/catkin_ws2/devel/include/lidar_localization/PosVel.h
Symlinking /home/bobododo/GNC/MSF/shenlan-MSF/chapter8/catkin_ws2/devel/include/lidar_localization/saveMapRequest.h
Symlinking /home/bobododo/GNC/MSF/shenlan-MSF/chapter8/catkin_ws2/devel/include/lidar_localization/saveOdometry.h
Symlinking /home/bobododo/GNC/MSF/shenlan-MSF/chapter8/catkin_ws2/devel/include/lidar_localization/saveOdometryRequest.h
Symlinking /home/bobododo/GNC/MSF/shenlan-MSF/chapter8/catkin_ws2/devel/include/lidar_localization/optimizeMapRequest.h
Symlinking /home/bobododo/GNC/MSF/shenlan-MSF/chapter8/catkin_ws2/devel/include/lidar_localization/saveScanContextRequest.h
Symlinking /home/bobododo/GNC/MSF/shenlan-MSF/chapter8/catkin_ws2/devel/include/lidar_localization/optimizeMap.h
Symlinking /home/bobododo/GNC/MSF/shenlan-MSF/chapter8/catkin_ws2/devel/include/lidar_localization/optimizeMapResponse.h
Symlinking /home/bobododo/GNC/MSF/shenlan-MSF/chapter8/catkin_ws2/devel/include/lidar_localization/IMUGNSSMeasurement.h
